{
  "RSpec": {
    "coverage": {
      "/Users/christopherbrenner/Work/brennora_notifier/app/models/user.rb": [
        null,
        null,
        null,
        1,
        null,
        null,
        1,
        null,
        null,
        1,
        1,
        null,
        1,
        null
      ],
      "/Users/christopherbrenner/Work/brennora_notifier/app/models/application_record.rb": [
        null,
        null,
        null,
        1,
        1,
        null
      ],
      "/Users/christopherbrenner/Work/brennora_notifier/app/helpers/application_helper.rb": [
        null,
        null,
        null,
        1,
        null
      ],
      "/Users/christopherbrenner/Work/brennora_notifier/app/channels/application_cable/channel.rb": [
        null,
        null,
        1,
        1,
        null,
        null
      ],
      "/Users/christopherbrenner/Work/brennora_notifier/app/channels/application_cable/connection.rb": [
        null,
        null,
        1,
        1,
        null,
        null
      ],
      "/Users/christopherbrenner/Work/brennora_notifier/app/controllers/events_controller.rb": [
        null,
        null,
        null,
        1,
        1,
        1,
        null,
        null,
        1,
        1,
        null,
        null
      ],
      "/Users/christopherbrenner/Work/brennora_notifier/app/controllers/application_controller.rb": [
        null,
        null,
        null,
        1,
        1,
        1,
        null
      ],
      "/Users/christopherbrenner/Work/brennora_notifier/app/controllers/experiences_controller.rb": [
        null,
        null,
        null,
        1,
        1,
        1,
        null,
        null,
        1,
        1,
        null,
        null
      ],
      "/Users/christopherbrenner/Work/brennora_notifier/app/controllers/guests_controller.rb": [
        null,
        null,
        null,
        1,
        1,
        1,
        null,
        null,
        1,
        1,
        null,
        null
      ],
      "/Users/christopherbrenner/Work/brennora_notifier/app/jobs/application_job.rb": [
        null,
        null,
        1,
        null
      ],
      "/Users/christopherbrenner/Work/brennora_notifier/app/mailers/application_mailer.rb": [
        null,
        null,
        null,
        1,
        1,
        1,
        null
      ],
      "/Users/christopherbrenner/Work/brennora_notifier/app/models/event.rb": [
        null,
        null,
        null,
        1,
        1,
        1,
        1,
        1,
        null,
        1,
        null
      ],
      "/Users/christopherbrenner/Work/brennora_notifier/app/models/experience.rb": [
        null,
        null,
        null,
        1,
        1,
        null,
        1,
        null,
        1,
        null
      ],
      "/Users/christopherbrenner/Work/brennora_notifier/app/models/guest.rb": [
        null,
        null,
        null,
        1,
        1,
        null,
        1,
        1,
        null,
        null,
        null,
        1,
        null,
        1,
        12,
        1,
        12,
        1,
        12,
        1,
        12,
        null,
        1,
        1,
        null,
        null
      ],
      "/Users/christopherbrenner/Work/brennora_notifier/app/models/guests_notification.rb": [
        null,
        null,
        null,
        1,
        1,
        1,
        null,
        1,
        1,
        null
      ],
      "/Users/christopherbrenner/Work/brennora_notifier/app/models/notification.rb": [
        null,
        null,
        null,
        1,
        1,
        null,
        1,
        1,
        null,
        null,
        null,
        1,
        null
      ],
      "/Users/christopherbrenner/Work/brennora_notifier/app/models/users_event.rb": [
        null,
        null,
        null,
        1,
        1,
        1,
        null,
        1,
        1,
        null
      ]
    },
    "timestamp": 1513484405
  }
}
